<?xml version="1.0" encoding="UTF-8"?>
<!-- Generated by org.testng.reporters.JUnitReportReporter -->
<testsuite hostname="EC2AMAZ-CS00R8Q" failures="0" tests="36" name="UnileverAuto.UnileverFunctionCheck" time="54.530" errors="0" timestamp="2025-07-30T06:27:53 UTC" skipped="0">
  <testcase classname="UnileverAuto.UnileverFunctionCheck" name="setup" time="3.573"/>
  <system-out/>
  <testcase classname="UnileverAuto.UnileverFunctionCheck" name="setup" time="3.609"/>
  <system-out/>
  <testcase classname="UnileverAuto.UnileverFunctionCheck" name="VerifyContactUs" time="1.516"/>
  <system-out/>
  <testcase classname="UnileverAuto.UnileverFunctionCheck" name="VerifyBrandsLink" time="0.617"/>
  <system-out/>
  <testcase classname="UnileverAuto.UnileverFunctionCheck" name="setup" time="4.135"/>
  <system-out/>
  <testcase classname="UnileverAuto.UnileverFunctionCheck" name="teardown" time="0.329"/>
  <system-out/>
  <testcase classname="UnileverAuto.UnileverFunctionCheck" name="acceptCookiesIfPresent" time="0.153"/>
  <system-out/>
  <testcase classname="UnileverAuto.UnileverFunctionCheck" name="VerifyInvestersLink" time="0.540"/>
  <system-out/>
  <testcase classname="UnileverAuto.UnileverFunctionCheck" name="VerifyCareersSearchLink" time="5.407"/>
  <system-out/>
  <testcase classname="UnileverAuto.UnileverFunctionCheck" name="setup" time="3.725"/>
  <system-out/>
  <testcase classname="UnileverAuto.UnileverFunctionCheck" name="VerifyViewSuppliersLink" time="1.129"/>
  <system-out/>
  <testcase classname="UnileverAuto.UnileverFunctionCheck" name="setup" time="6.701"/>
  <system-out/>
  <testcase classname="UnileverAuto.UnileverFunctionCheck" name="VerifySearchBrandsLink" time="0.679"/>
  <system-out/>
  <testcase classname="UnileverAuto.UnileverFunctionCheck" name="acceptCookiesIfPresent" time="0.472"/>
  <system-out/>
  <testcase classname="UnileverAuto.UnileverFunctionCheck" name="teardown" time="0.565"/>
  <system-out/>
  <testcase classname="UnileverAuto.UnileverFunctionCheck" name="VerifyNewsLink" time="0.579"/>
  <system-out/>
  <testcase classname="UnileverAuto.UnileverFunctionCheck" name="acceptCookiesIfPresent" time="0.586"/>
  <system-out/>
  <testcase classname="UnileverAuto.UnileverFunctionCheck" name="teardown" time="0.454"/>
  <system-out/>
  <testcase classname="UnileverAuto.UnileverFunctionCheck" name="teardown" time="0.354"/>
  <system-out/>
  <testcase classname="UnileverAuto.UnileverFunctionCheck" name="VerifyExploreBrandsLink" time="1.248"/>
  <system-out/>
  <testcase classname="UnileverAuto.UnileverFunctionCheck" name="VerifyViewCompany" time="1.560"/>
  <system-out/>
  <testcase classname="UnileverAuto.UnileverFunctionCheck" name="teardown" time="0.277"/>
  <system-out/>
  <testcase classname="UnileverAuto.UnileverFunctionCheck" name="VerifyOurCompanyLink" time="0.525"/>
  <system-out/>
  <testcase classname="UnileverAuto.UnileverFunctionCheck" name="acceptCookiesIfPresent" time="0.252"/>
  <system-out/>
  <testcase classname="UnileverAuto.UnileverFunctionCheck" name="acceptCookiesIfPresent" time="0.265"/>
  <system-out/>
  <testcase classname="UnileverAuto.UnileverFunctionCheck" name="setup" time="5.959"/>
  <system-out/>
  <testcase classname="UnileverAuto.UnileverFunctionCheck" name="VerifyCareersLink" time="1.524"/>
  <system-out/>
  <testcase classname="UnileverAuto.UnileverFunctionCheck" name="VerifySearchBrandsBtn" time="0.209"/>
  <system-out/>
  <testcase classname="UnileverAuto.UnileverFunctionCheck" name="setup" time="3.433"/>
  <system-out/>
  <testcase classname="UnileverAuto.UnileverFunctionCheck" name="acceptCookiesIfPresent" time="0.279"/>
  <system-out/>
  <testcase classname="UnileverAuto.UnileverFunctionCheck" name="VerifySuppliersLink" time="0.589"/>
  <system-out/>
  <testcase classname="UnileverAuto.UnileverFunctionCheck" name="VerifySustainabilityLink" time="0.412"/>
  <system-out/>
  <testcase classname="UnileverAuto.UnileverFunctionCheck" name="VerifyViewBrandsLink" time="1.690"/>
  <system-out/>
  <testcase classname="UnileverAuto.UnileverFunctionCheck" name="acceptCookiesIfPresent" time="0.401"/>
  <system-out/>
  <testcase classname="UnileverAuto.UnileverFunctionCheck" name="teardown" time="0.509"/>
  <system-out/>
  <testcase classname="UnileverAuto.UnileverFunctionCheck" name="teardown" time="0.275"/>
  <system-out/>
</testsuite> <!-- UnileverAuto.UnileverFunctionCheck -->
